<?xml version="1.0" encoding="UTF-8"?>
<!-- Generated by org.testng.reporters.JUnitReportReporter -->
<testsuite hostname="DESKTOP-OIUIQKD" failures="0" tests="1" name="demo_batch_12.Test_2" time="0.006" errors="0" timestamp="2023-02-13T00:33:50 GMT-05:00" skipped="0">
  <testcase classname="demo_batch_12.Test_2" name="Test_1" time="0.006"/>
  <system-out/>
</testsuite> <!-- demo_batch_12.Test_2 -->
