<?xml version="1.0" encoding="UTF-8"?>
<!-- Generated by org.testng.reporters.JUnitReportReporter -->
<testsuite hostname="DESKTOP-OIUIQKD" failures="0" tests="1" name="demo_batch_12.Test_1" time="0.018" errors="0" timestamp="2023-02-11T15:14:11 GMT-05:00" skipped="0">
  <testcase classname="demo_batch_12.Test_1" name="test_tc_001" time="0.018"/>
  <system-out/>
</testsuite> <!-- demo_batch_12.Test_1 -->
